
09/15/2015 - UPDATED manga: Tobaku Datenroku Kaiji: Kazuyahen(TobakuDatenrokuKaiji->91)
09/15/2015 - ADDED new manga: Yongbi
09/15/2015 - UPDATED manga: Yamada-kun to 7-nin no Majo(173->174)
09/15/2015 - UPDATED manga: Tsukikage Baby(4->5)
09/15/2015 - UPDATED manga: Sekai Oni(90->91)
09/15/2015 - UPDATED manga: RPG(27->28)
09/15/2015 - UPDATED manga: Ane no Kekkon(11->12)
09/15/2015 - ADDED new manga: Yugami-kun ni wa Tomodachi ga Inai
09/15/2015 - UPDATED manga: Americano-Exodus(23->24)
09/15/2015 - UPDATED manga: Dungeon Meshi(8->9)
09/15/2015 - UPDATED manga: Sekine-kun no Koi(22->22.005)
09/15/2015 - UPDATED manga: Shuumatsu no Tenki(8->9)
09/15/2015 - UPDATED manga: Tobaku Datenroku Kaiji: Kazuyahen(TobakuDatenrokuKaiji->91)
09/15/2015 - UPDATED manga: UQ Holder!(93->94)
09/15/2015 - UPDATED manga: Tobaku Datenroku Kaiji: Kazuyahen(TobakuDatenrokuKaiji->91)
09/15/2015 - UPDATED manga: UQ Holder!(93->94)
09/15/2015 - UPDATED manga: Tobaku Datenroku Kaiji: Kazuyahen(TobakuDatenrokuKaiji->91)
09/15/2015 - UPDATED manga: Yamada-kun to 7-nin no Majo(173->174)
09/15/2015 - UPDATED manga: Tsukikage Baby(4->5)
09/15/2015 - UPDATED manga: Sekai Oni(90->91)
09/15/2015 - UPDATED manga: UQ Holder!(93->94)
09/15/2015 - UPDATED manga: Tobaku Datenroku Kaiji: Kazuyahen(TobakuDatenrokuKaiji->91)
09/15/2015 - UPDATED manga: Yamada-kun to 7-nin no Majo(173->174)
09/15/2015 - UPDATED manga: Tsukikage Baby(4->5)
09/15/2015 - UPDATED manga: Sekai Oni(90->91)
09/15/2015 - UPDATED manga: RPG(27->28)
09/15/2015 - UPDATED manga: Ane no Kekkon(11->12)
09/15/2015 - UPDATED manga: Americano-Exodus(23->24)
09/15/2015 - UPDATED manga: Dungeon Meshi(8->9)
09/15/2015 - UPDATED manga: Sekine-kun no Koi(22->22.005)
09/15/2015 - UPDATED manga: Shuumatsu no Tenki(8->9)
09/15/2015 - ERROR updating/adding: UQ Holder!(94)
09/15/2015 - ERROR updating/adding: Tobaku Datenroku Kaiji: Kazuyahen(91)
09/15/2015 - ERROR updating/adding: Yamada-kun to 7-nin no Majo(174)
09/15/2015 - ERROR updating/adding: Tsukikage Baby(5)
09/15/2015 - ERROR updating/adding: Sekai Oni(91)
09/15/2015 - ERROR updating/adding: RPG(28)
09/15/2015 - ERROR updating/adding: Ane no Kekkon(12)
09/15/2015 - ERROR updating/adding: Americano-Exodus(24)
09/15/2015 - ERROR updating/adding: Dungeon Meshi(9)
09/15/2015 - ERROR updating/adding: Sekine-kun no Koi(22.005)
09/15/2015 - ERROR updating/adding: Shuumatsu no Tenki(9)
09/15/2015 - UPDATED manga: UQ Holder!(93->94)
09/15/2015 - UPDATED manga: Tobaku Datenroku Kaiji: Kazuyahen(TobakuDatenrokuKaiji->91)
09/15/2015 - UPDATED manga: Yamada-kun to 7-nin no Majo(173->174)
09/15/2015 - UPDATED manga: Tsukikage Baby(4->5)
09/15/2015 - UPDATED manga: Sekai Oni(90->91)
09/15/2015 - UPDATED manga: RPG(27->28)
09/15/2015 - UPDATED manga: Ane no Kekkon(11->12)
09/15/2015 - UPDATED manga: Americano-Exodus(23->24)
09/15/2015 - UPDATED manga: Dungeon Meshi(8->9)
09/15/2015 - UPDATED manga: Sekine-kun no Koi(22->22.005)
09/15/2015 - UPDATED manga: Shuumatsu no Tenki(8->9)
09/16/2015 - UPDATED manga: Sangokushi(350->351)
09/16/2015 - UPDATED manga: Zettai Karen Children(406.001->418)
09/16/2015 - UPDATED manga: Shuukyuu Shoujo(38->39)
09/16/2015 - UPDATED manga: +Tic Neesan(54->55)
09/16/2015 - UPDATED manga: A Method to Make the World Gentle(26->27)
09/16/2015 - UPDATED manga: Improper Capture Method of Classmates & Labyrinth(15->16)
09/16/2015 - UPDATED manga: Tomo-chan wa Onnanoko!(146->147)
09/16/2015 - UPDATED manga: Harigane Service(23->24)
09/16/2015 - UPDATED manga: Shirogane no Nina(001)->63)
09/16/2015 - UPDATED manga: Spirit Migration(8->9)
09/16/2015 - UPDATED manga: Yasashii Sekai no Tsukurikata(26->27)
09/16/2015 - UPDATED manga: Toriko(338->339)
09/16/2015 - UPDATED manga: Bleach(642->643)
09/16/2015 - UPDATED manga: One Piece(799->800)
09/16/2015 - UPDATED manga: Tiger x Crane(56->59)
09/16/2015 - UPDATED manga: Gintama(557->558)
09/16/2015 - UPDATED manga: Tomo-chan wa Onnanoko!(147->148)
09/16/2015 - UPDATED manga: Harigane Service(24->25)
09/16/2015 - UPDATED manga: Re:Marina(40->41)
09/16/2015 - UPDATED manga: Keyman: The Hand of Judgement(Keyman->44)
09/16/2015 - UPDATED manga: lessa The Crimson Knight(87->88)
09/16/2015 - UPDATED manga: Zui Wu Dao(14->15)
09/16/2015 - UPDATED manga: Teppu(31->32)
09/16/2015 - UPDATED manga: Yume Maboroshi no Gotoku(22->022v002)
09/16/2015 - UPDATED manga: Mosspaca Advertising Department(39->40)
09/16/2015 - UPDATED manga: Daiya no A - Act II(4->5)
09/16/2015 - UPDATED manga: Roppongi Black Cross(41->42)
09/16/2015 - UPDATED manga: Hitoribocchi no Chikyuu Shinryaku(41->42)
09/16/2015 - UPDATED manga: Giant Killing(186->187)
09/16/2015 - UPDATED manga: Hatarakanai Futari (The Jobless Siblings)(59->60)
09/16/2015 - UPDATED manga: Hinomaru Zumou(33->34)
09/16/2015 - UPDATED manga: Kagemusha - Tokugawa Ieyasu(29->30)
09/16/2015 - UPDATED manga: Gamble Fish(153->154)
09/16/2015 - UPDATED manga: Piano no mori(167->168)
09/16/2015 - UPDATED manga: Ad Astra - Scipio to Hannibal(17->18)
09/16/2015 - UPDATED manga: Looking for a Father(39->40)
09/16/2015 - UPDATED manga: Descent of the Phoenix(32->33)
09/16/2015 - UPDATED manga: Black Haze(124->125)
09/16/2015 - UPDATED manga: Soul Cartel(192->193)
09/16/2015 - UPDATED manga: Chihayafuru(151->152)
09/16/2015 - UPDATED manga: Gakuen Heaven(74->76)
09/16/2015 - UPDATED manga: Fuuka(76->77)
09/22/2015 - UPDATED manga: REC(58->60)
09/22/2015 - UPDATED manga: Unbalance Triangle(6->11)
09/22/2015 - UPDATED manga: Amai Seikatsu(24->25)
09/22/2015 - UPDATED manga: Hitoribocchi no Chikyuu Shinryaku(42->43)
09/22/2015 - UPDATED manga: Ushio and Tora(101->310.003)
09/22/2015 - UPDATED manga: The Strongest(20->22)
09/22/2015 - UPDATED manga: Panlong(17->20)
09/22/2015 - UPDATED manga: ib - Instant Bullet(9->13)
09/22/2015 - UPDATED manga: Chronos Ruler(7->8)
09/22/2015 - UPDATED manga: Renai Lab(24->11.8)
09/22/2015 - UPDATED manga: Normal Class 8(6->[Season)
09/22/2015 - UPDATED manga: Sangokushi(351->356)
09/22/2015 - UPDATED manga: Secret (HAN Yu-Rang)(26->27)
09/22/2015 - UPDATED manga: Shuumatsu no Tenki(9->10)
09/22/2015 - UPDATED manga: Taki Takanosuke no Sanpo Jikan(6->8)
09/22/2015 - UPDATED manga: Machina(4->5)
09/22/2015 - UPDATED manga: JoJos Bizarre Adventure Part 5: Vento Aureo(JoJosBizarreAdventurePart5->492)
09/22/2015 - UPDATED manga: Fukushuu Kyoushitsu(011-012->013-014)
09/28/2015 - UPDATED manga: Descent of the Phoenix(33->36)
09/28/2015 - UPDATED manga: Tsujiura-san to Chupacabra(28->34)
09/28/2015 - UPDATED manga: Yume Maboroshi no Gotoku(022v002->23)
09/28/2015 - UPDATED manga: Romansu Godankatsuyou(9->10)
09/28/2015 - UPDATED manga: Wind Breaker(37->39)
09/28/2015 - UPDATED manga: Ping Pong Wang Zi(15->17)
09/28/2015 - UPDATED manga: Hatarakanai Futari (The Jobless Siblings)(60->65.001)
09/28/2015 - UPDATED manga: Yahari Ore no Seishun Love Come wa Machigatteiru(12->14)
09/28/2015 - UPDATED manga: Natsuzora and Run(7->8)
09/28/2015 - UPDATED manga: Cats Eye(83->84)
09/28/2015 - ADDED new manga: Yoake ni Furu,
09/28/2015 - UPDATED manga: Shura no Mon Iden - Fudekage(21->22)
09/28/2015 - UPDATED manga: The Legendary Moonlight Sculptor(33->35)
09/28/2015 - UPDATED manga: Tower of God(247->249)
09/28/2015 - UPDATED manga: Noblesse(371->373)
09/28/2015 - UPDATED manga: Himouto! Umaru-chan(120->123)
09/28/2015 - UPDATED manga: Servant x Service(10->12)
09/28/2015 - UPDATED manga: Gamble Fish(154->165)
09/28/2015 - UPDATED manga: Cat's Eye(83->84)
09/28/2015 - UPDATED manga: Koe de Oshigoto!(52->53)
09/28/2015 - UPDATED manga: Flow(66->68)
09/28/2015 - UPDATED manga: Kamisama no Iutoori Ni(124->126)
09/28/2015 - UPDATED manga: Nanatsu no Taizai(140->142)
09/28/2015 - UPDATED manga: Sekai Oni(91->93)
09/28/2015 - UPDATED manga: School in the Wild(47->48)
09/28/2015 - UPDATED manga: Tomo-chan wa Onnanoko!(148->159)
09/28/2015 - UPDATED manga: Western Shotgun(105->107)
09/28/2015 - UPDATED manga: Soredemo Sekai wa Utsukushii(33->35)
09/28/2015 - UPDATED manga: Sangokushi(356->357)
09/28/2015 - UPDATED manga: Lookism(11->15)
09/28/2015 - UPDATED manga: Ten Prism(52->54)
09/28/2015 - UPDATED manga: Handa-kun(12->13)
09/28/2015 - UPDATED manga: Omake no Kobayashi-kun(10->9.002)
09/28/2015 - UPDATED manga: Green Worldz(91->93)
09/28/2015 - UPDATED manga: Fairy Tail(452->454)
09/28/2015 - UPDATED manga: Shiori Experience - Jimi na Watashi to Hen na Oji-san(10->12)
09/28/2015 - UPDATED manga: Kyoumen no Silhouette(10->12)
09/28/2015 - UPDATED manga: Kiss x Death(10.005->12)
09/28/2015 - UPDATED manga: Karakuri Circus(189->190)
09/28/2015 - UPDATED manga: Etrian Odyssey 2 dj - Sekakyuu Kuronikuru(6->7)
09/28/2015 - UPDATED manga: Assassination Classroom(155->157)
09/28/2015 - UPDATED manga: Choukakou(45.001->46)
09/28/2015 - UPDATED manga: Sakuranbo Syndrome(85->87)
09/28/2015 - UPDATED manga: RPG(28->29)
09/28/2015 - UPDATED manga: Yaoguai Mingdan(50->51)
09/28/2015 - UPDATED manga: Dungeon Meshi(9->12)
09/28/2015 - UPDATED manga: Youkai Shoujo - Monsuga(53->55)
09/28/2015 - UPDATED manga: Plunderer(006v002->9)
09/28/2015 - UPDATED manga: ReLIFE(95->97)
09/28/2015 - UPDATED manga: Cousin(28->29)
09/28/2015 - UPDATED manga: Panlong(20->24)
09/28/2015 - UPDATED manga: Mahou Shoujo Site(26->28)
09/28/2015 - UPDATED manga: Maoyuu Maou Yuusha - "Be mine, Hero" "I refuse!"(42->43)
09/28/2015 - UPDATED manga: Verdant Lord(41->42)
09/28/2015 - UPDATED manga: Feng Shen Ji(166->167)
09/28/2015 - UPDATED manga: Mob Psycho 100(89.001->89.003)
09/28/2015 - UPDATED manga: Wonted(88->90)
09/28/2015 - UPDATED manga: Black Clover(29->31)
09/28/2015 - UPDATED manga: Dragons Rioting(27->29)
09/28/2015 - UPDATED manga: Gin to Kin(66->68)
09/28/2015 - UPDATED manga: Drifters(53->54)
09/28/2015 - UPDATED manga: Yahari Ore no Seishun Love Come wa Machigatteiru.(13->14)
09/28/2015 - UPDATED manga: Madan no Ou to Senki(23->25)
09/28/2015 - UPDATED manga: Hare Kon.(35->37)
09/28/2015 - UPDATED manga: Dear, Only You Don't Know!(69->70)
09/28/2015 - UPDATED manga: Fairy Tail Sabertooth(7->9)
09/28/2015 - UPDATED manga: Kiwaguro no Brynhildr(156->158)
09/28/2015 - UPDATED manga: Sentou Jousai Masurawo(20->21)
09/28/2015 - UPDATED manga: Wakabayashi Toshiya's 4-koma Collection(35->36)
09/28/2015 - UPDATED manga: Usogui(111->112)
09/28/2015 - UPDATED manga: Cherry Boy, That Girl(66->68)
09/28/2015 - UPDATED manga: Autophagy Regulation(26->27)
09/28/2015 - UPDATED manga: Dead Dead Demon's Dededededestruction(19->22)
09/28/2015 - UPDATED manga: Denpa Kyoushi(135->136)
09/28/2015 - UPDATED manga: Shokugeki no Soma(134->136)
09/28/2015 - UPDATED manga: Nana to Kaoru(126->138)
09/28/2015 - UPDATED manga: Super Dog Rilienthal(17->19)
09/28/2015 - UPDATED manga: Eighth(32.005->33)
09/30/2015 - UPDATED manga: Dagashi Kashi(20->23)
09/30/2015 - UPDATED manga: Domestic na Kanojo(64->66)
09/30/2015 - UPDATED manga: Stretch(43->44)
09/30/2015 - UPDATED manga: Hatarakanai Futari (The Jobless Siblings)(65.001->70)
09/30/2015 - UPDATED manga: Akumu no Sumu Ie - Ghost Hunt(013v002->16)
09/30/2015 - UPDATED manga: Umi no Kishidan(28->30)
09/30/2015 - UPDATED manga: Sangokushi(357->360)
09/30/2015 - UPDATED manga: Citrus (SABURO Uta)(17->17.5)
09/30/2015 - UPDATED manga: Konbini DMZ(7->9)
09/30/2015 - UPDATED manga: Akai Mi Hajiketa(2->10)
09/30/2015 - UPDATED manga: Rikudou(31->34)
09/30/2015 - UPDATED manga: Ubel Blatt(136->137)
09/30/2015 - UPDATED manga: Clover (TETSUHIRO Hirakawa)(232->233)
09/30/2015 - UPDATED manga: Combat Continent II(15->21)
09/30/2015 - UPDATED manga: Red String(27->29)
09/30/2015 - UPDATED manga: Piano no mori(168->170)
09/30/2015 - UPDATED manga: Seshiji o Pin! to - Shikakou Kyougi Dance-bu e Youkoso(17->20)
09/30/2015 - UPDATED manga: Gamble Fish(165->169)
09/30/2015 - UPDATED manga: Soul Cartel(193->194)
09/30/2015 - UPDATED manga: Black Haze(125->127)
09/30/2015 - UPDATED manga: Kokushi Musou!!(9->13)
09/30/2015 - UPDATED manga: Battle Through The Heavens(135->95.5)
09/30/2015 - UPDATED manga: Area D - Inou Ryouiki(123->126)
09/30/2015 - UPDATED manga: Denpa Kyoushi(136->136.5)
09/30/2015 - UPDATED manga: Nuan Nuan Wu(9->11)
09/30/2015 - UPDATED manga: Billion Dogs(52->55)
09/30/2015 - UPDATED manga: Tomo-chan wa Onnanoko!(159->161)
09/30/2015 - UPDATED manga: Sayonara Note(2->3)
09/30/2015 - UPDATED manga: Urami Koi, Koi, Urami Koi.(7->9)
09/30/2015 - UPDATED manga: Hatsukoi Canvas(2->3)
09/30/2015 - UPDATED manga: Gangsta(34->36)
09/30/2015 - UPDATED manga: Tough(376->378)
09/30/2015 - UPDATED manga: Kamisama no Iutoori Ni(126->127)
09/30/2015 - UPDATED manga: Coppelion(227->228)
09/30/2015 - UPDATED manga: Baby Steps(248->249)
09/30/2015 - UPDATED manga: Hataraku Maousama!(21->22)
09/30/2015 - UPDATED manga: Shimoneta toiu Gainen ga Sonzaishinai Taikutsu na Sekai(8->9)
09/30/2015 - UPDATED manga: Hitogatana(27->28)
09/30/2015 - UPDATED manga: Skip Beat(227->228)
09/30/2015 - UPDATED manga: Daiya no A - Act II(5->7)
09/30/2015 - UPDATED manga: A Thousand Years Ninetails(75->76)
09/30/2015 - UPDATED manga: Tobaku Datenroku Kaiji: Kazuyahen(91->93)
09/30/2015 - UPDATED manga: RPG(29->30)
09/30/2015 - UPDATED manga: Yamada-kun to 7-nin no Majo(174->176)
09/30/2015 - UPDATED manga: Akuma mo Fumu o Osoreru Tokoro(5->7)
09/30/2015 - ADDED new manga: Yuru Yuru
09/30/2015 - UPDATED manga: Hayate the Combat Butler(506->507)
09/30/2015 - UPDATED manga: Lookism(15->19)
09/30/2015 - UPDATED manga: Destroy and Revolution(54->55)
09/30/2015 - UPDATED manga: Unbalance Triangle(11->13)
09/30/2015 - UPDATED manga: Joujuu Senjin!! Mushibugyo(52->53)
09/30/2015 - UPDATED manga: Karate Shoukoushi Kohinata Minoru(313->315)
09/30/2015 - UPDATED manga: Fuuka(77->79)
09/30/2015 - UPDATED manga: Kikou Shoujo wa Kizutsukanai(45->46)
09/30/2015 - UPDATED manga: Deathtopia(14->15)
09/30/2015 - UPDATED manga: Godly Bells(115->117)
09/30/2015 - UPDATED manga: Kubera(255->257)
09/30/2015 - UPDATED manga: Dreamland(83->84)
09/30/2015 - UPDATED manga: Dead Dead Demon's Dededededestruction(22->23)
09/30/2015 - UPDATED manga: Berserk(339->340)
10/01/2015 - UPDATED manga: Panlong(24->25)
10/01/2015 - UPDATED manga: Bleach(643->645)
10/01/2015 - UPDATED manga: One Piece(800->802)
10/01/2015 - UPDATED manga: Honorable Baek Dong Soo(40->41)
10/01/2015 - UPDATED manga: The Gamer(98->101)
10/01/2015 - ADDED new manga: Fruits Basket Another
10/01/2015 - UPDATED manga: Isekai Tensei Soudouki(6->7)
10/01/2015 - UPDATED manga: Wagaya no Oinarisama(32->33)
10/01/2015 - UPDATED manga: Gakuen Heaven(76->78)
10/01/2015 - UPDATED manga: Soul Cartel(194->195)
10/01/2015 - UPDATED manga: Akaiito (MIYASAKA Kaho)(25->26)
10/01/2015 - UPDATED manga: Kono Shima ni wa Midara de Jaaku na Mono ga Sumu(16->17)
10/01/2015 - UPDATED manga: Amanchu(38->39)
10/01/2015 - UPDATED manga: Kaichou-kun no Shimobe(6->7)
10/01/2015 - UPDATED manga: Magika no Kenshi to Shoukan Maou(16->17)
10/01/2015 - UPDATED manga: Jitsu wa Watashi wa(90->94)
10/01/2015 - UPDATED manga: Kudamimi no Neko(1->2)
10/01/2015 - UPDATED manga: Sekai Oni(93->94)
10/01/2015 - UPDATED manga: Tomo-chan wa Onnanoko!(161->162)
10/01/2015 - UPDATED manga: Denma(128->135)
10/01/2015 - UPDATED manga: 12 Beast(9->9.005)
10/01/2015 - ADDED new manga: Tale of the Fighting Freak, Path of the Warrior [Blood and Steel]
10/01/2015 - UPDATED manga: Toriko(339->341)
10/01/2015 - UPDATED manga: Ookami Shoujo to Kuro Ouji(50->51)
10/01/2015 - UPDATED manga: Last Game(45->47)
10/01/2015 - UPDATED manga: 4 Cut Hero(16->17)
10/01/2015 - UPDATED manga: Diamond no Ace(299->301)
10/01/2015 - UPDATED manga: A Method to Make the World Gentle(27->28)
10/02/2015 - UPDATED manga: Until Death Do Us Part(196->197)
10/02/2015 - UPDATED manga: Shokugeki no Soma(136->137)
10/02/2015 - UPDATED manga: Dagashi Kashi(23->24)
10/02/2015 - UPDATED manga: The Ruler Of The Land(486->487)
10/02/2015 - UPDATED manga: Himouto! Umaru-chan(123->124)
10/02/2015 - UPDATED manga: +a no Tachiichi(3->4)
10/02/2015 - UPDATED manga: Real Clothes(72->75)
10/02/2015 - UPDATED manga: Action Idols - Age of Young Dragons(16->19)
10/02/2015 - UPDATED manga: Hatarakanai Futari (The Jobless Siblings)(70->72)
10/02/2015 - UPDATED manga: Rikudou(34->35)
10/02/2015 - UPDATED manga: Angel Onayami Soudanjo(2->3)
10/02/2015 - UPDATED manga: Side Story of - Saki - Shinohayu the Dawn of Age(023(v002)->25)
10/02/2015 - UPDATED manga: Ring ni Kakero(5->6)
10/02/2015 - UPDATED manga: Sangokushi(360->361)
10/02/2015 - UPDATED manga: Seirei Tsukai no Kenbu (HYOUJU Issei)(29->30)
10/02/2015 - UPDATED manga: Otoko no Issho(8->9)
10/02/2015 - UPDATED manga: Principal(18->20.005)
10/02/2015 - UPDATED manga: Sekine-kun no Koi(22.005->23)
10/02/2015 - UPDATED manga: Tomo-chan wa Onnanoko!(162->163)
10/02/2015 - UPDATED manga: Freezing(189->192)
10/02/2015 - UPDATED manga: ib - Instant Bullet(13->18)
10/02/2015 - UPDATED manga: Mobile Magical Girl(31->34)
10/02/2015 - UPDATED manga: Josei Danshi(14->16)
10/02/2015 - UPDATED manga: Hitotsu Yane no Shita no(4->5)
10/02/2015 - UPDATED manga: Shuukyuu Shoujo(39->40)
10/02/2015 - UPDATED manga: Rokudenashi Blues(136->137)
10/02/2015 - UPDATED manga: Tekken Chinmi Legends(54->55)
10/02/2015 - UPDATED manga: +Tic Neesan(55->63)
10/02/2015 - UPDATED manga: I Don't Want This Kind of Hero(65->69)
10/02/2015 - UPDATED manga: Akagi(88->261)
10/02/2015 - UPDATED manga: The God of High School(226->229)
10/02/2015 - UPDATED manga: Giant Killing(187->190)
10/02/2015 - UPDATED manga: Kikou Shoujo wa Kizutsukanai(46->47)
10/05/2015 - UPDATED manga: Combat Continent II(21->25)
10/05/2015 - UPDATED manga: Fairy Tail(454->455)
10/05/2015 - UPDATED manga: Tate no Yuusha no Nariagari(17->18)
10/05/2015 - UPDATED manga: Nanatsu no Taizai(142->143)
10/05/2015 - UPDATED manga: Joujuu Senjin!! Mushibugyo(53->55)
10/05/2015 - UPDATED manga: Yami no Kodou(62->64)
10/05/2015 - UPDATED manga: Darwins Game(19->20)
10/05/2015 - UPDATED manga: World Trigger(114->117)
10/05/2015 - UPDATED manga: xxxHOLiC Rei(44->45)
10/05/2015 - UPDATED manga: Magika no Kenshi to Shoukan Maou(17->18)
10/05/2015 - UPDATED manga: Blazing Transfer Student(110->113)
10/05/2015 - UPDATED manga: 7 seeds(146->147)
10/05/2015 - UPDATED manga: Hatarakanai Futari (The Jobless Siblings)(72->75)
10/05/2015 - UPDATED manga: The Legendary Moonlight Sculptor(35->36)
10/05/2015 - UPDATED manga: Monochtome Shounen Shoujo(5->Monochrome)
10/05/2015 - UPDATED manga: Ana no Mujina(1->Extra)
10/05/2015 - UPDATED manga: GIRLS und PANZER - Gekitou! Maginot-sen desu!!(007.002v002->9)
10/05/2015 - UPDATED manga: Darwin's Game(19->21)
10/05/2015 - UPDATED manga: Gakuen Psycho-Pass(9->11)
10/05/2015 - UPDATED manga: World Customize Creator(20->21)
10/05/2015 - UPDATED manga: Chikyuu no Houkago(15->17)
10/05/2015 - UPDATED manga: Magi - Sinbad no Bouken(74->77)
10/05/2015 - ADDED new manga: Youkai Apato no Yuuga na Nichijou
10/05/2015 - UPDATED manga: Shoukoku no Altair(65->68)
10/05/2015 - UPDATED manga: Isshuukan Friends.(33->34)
10/05/2015 - UPDATED manga: Gin to Kin(68->69)
10/05/2015 - UPDATED manga: Magi - Labyrinth of Magic(279->280)
10/05/2015 - UPDATED manga: Kokushi Musou!!(13->16)
10/05/2015 - UPDATED manga: Azumi(106->108)
10/05/2015 - UPDATED manga: Soredemo Sekai wa Utsukushii(35->36)
10/05/2015 - UPDATED manga: Sangokushi(361->363)
10/05/2015 - UPDATED manga: Chouka Kou(45.1->47)
10/05/2015 - UPDATED manga: Rotte no Omocha(51->55)
10/05/2015 - UPDATED manga: Only You(15->17)
10/05/2015 - UPDATED manga: Shibariya Komachi(23->024b)
10/05/2015 - UPDATED manga: Saki(147->149)
10/05/2015 - UPDATED manga: Black Bullet(18->18.005)
10/05/2015 - UPDATED manga: Jashin-chan Dropkick(27->28)
10/05/2015 - UPDATED manga: Dead Dead Demon's Dededededestruction(23->24)
10/05/2015 - UPDATED manga: Yamikin Ushijima-kun(37->38)
10/05/2015 - UPDATED manga: Cosplay Animal(25->26)
10/05/2015 - UPDATED manga: Choukakou(46->47)
10/05/2015 - UPDATED manga: Hadi Girl(17->19)
10/05/2015 - UPDATED manga: Musunde Hiraite(16->17)
10/05/2015 - UPDATED manga: Blackout(25->27)
10/05/2015 - UPDATED manga: Mahou Shoujo Ore(2->3)
10/05/2015 - UPDATED manga: Rakshasa Street(43->44)
10/05/2015 - UPDATED manga: 360 Degrees Material(27.1->27.2)
10/05/2015 - UPDATED manga: Onepunch-Man(53->57)
10/05/2015 - UPDATED manga: Monokuro Shounen Shoujo(26->30)
10/05/2015 - UPDATED manga: Koi to Uso(57->59)
10/05/2015 - UPDATED manga: Ane Kurabe(7->8)
10/05/2015 - UPDATED manga: Hinomaru Zumou(34->36)
10/05/2015 - UPDATED manga: Sekai Oni(94->96)
10/05/2015 - UPDATED manga: Shinryaku! Ika Musume(311->318)
10/05/2015 - UPDATED manga: Tomo-chan wa Onnanoko!(163->166)
10/07/2015 - UPDATED manga: Panlong(25->29)
10/07/2015 - UPDATED manga: Dungeon Meshi(12->14.005)
10/07/2015 - UPDATED manga: Gin to Kin(69->70)
10/07/2015 - UPDATED manga: Secret(26->29)
10/07/2015 - UPDATED manga: He Is a High-school Girl(29->31)
10/07/2015 - UPDATED manga: Piano no mori(170->171)
10/07/2015 - UPDATED manga: Chaos Attack(42->44)
10/07/2015 - UPDATED manga: Sekai de Ichiban Tadashii Kyuuketsuki no Kaikata(3->5)
10/07/2015 - UPDATED manga: Yume Maboroshi no Gotoku(23->24)
10/07/2015 - UPDATED manga: Sekai Oni(96->97)
10/07/2015 - UPDATED manga: Choujin Gakuen(28->29)
10/07/2015 - UPDATED manga: Tomo-chan wa Onnanoko!(166->168)
10/07/2015 - UPDATED manga: Katekin(38->40)
10/07/2015 - UPDATED manga: Ally of Justice(12->13)
10/07/2015 - UPDATED manga: Yagate-kun ni Naru(5->5.005)
10/07/2015 - UPDATED manga: Log Horizon - Nyanta Hanchou Shiawase no Recipe(2->3)
10/07/2015 - UPDATED manga: Genshiken Nidaime(114->116)
10/07/2015 - UPDATED manga: Tobaku Datenroku Kaiji: Kazuyahen(93->94)
10/07/2015 - UPDATED manga: Overlord(8->9)
10/07/2015 - UPDATED manga: Tanaka-kun wa Itsumo Kedaruge(11->12)
10/07/2015 - UPDATED manga: Nemuri no Fuchi(10->11)
10/07/2015 - UPDATED manga: Autophagy Regulation(27->28)
10/07/2015 - UPDATED manga: Black Haze(127->128)
10/07/2015 - UPDATED manga: One Piece(802->803)
10/07/2015 - UPDATED manga: +Tic Neesan(63->66)
10/07/2015 - UPDATED manga: DICE: the cube that changes everything(DICE->116)
10/07/2015 - UPDATED manga: Bleach(645->646)
10/07/2015 - UPDATED manga: Genshiken Nidaime - The Society for the Study of Modern Visual Culture II(104->5)
10/07/2015 - UPDATED manga: Aka Akatoretachi no Monogatari(55->58)
10/07/2015 - UPDATED manga: Roppongi Black Cross(42->44)
10/07/2015 - UPDATED manga: Secret (HAN Yu-Rang)(27->29)
10/07/2015 - UPDATED manga: Harigane Service(25->29)
10/07/2015 - UPDATED manga: Americano-Exodus(24->25)
10/07/2015 - UPDATED manga: Yamada-kun to 7-nin no Majo(176->177)
10/07/2015 - UPDATED manga: UQ Holder!(94->96)
10/07/2015 - UPDATED manga: Noragami(58->59)
10/07/2015 - UPDATED manga: Owari no Serafu(37->38)
10/07/2015 - UPDATED manga: Toriko(341->342)
10/07/2015 - UPDATED manga: Hitomi-sensei no Hokenshitsu(21->24)
10/07/2015 - UPDATED manga: Destroy and Revolution(55->56)
10/07/2015 - UPDATED manga: RPG(30->31)
10/07/2015 - UPDATED manga: Sangokushi(363->364)
10/07/2015 - UPDATED manga: Corseltel no Ryuujitsushi Monogatari(50->54)
10/07/2015 - UPDATED manga: Sekirei(170->171)
10/07/2015 - UPDATED manga: School in the Wild(48->49.005)
10/07/2015 - UPDATED manga: Gate - Jietai Kare no Chi nite, Kaku Tatakeri(48->41.005)
10/07/2015 - UPDATED manga: Gokiburi Gijinka(47->48)
10/07/2015 - UPDATED manga: Angel Onayami Soudanjo(3->4)
10/07/2015 - UPDATED manga: Hatarakanai Futari (The Jobless Siblings)(75->76)
10/07/2015 - UPDATED manga: Lan Chi(28->029)
10/07/2015 - UPDATED manga: Munakata Kyouju Denkikou(34->36)
10/07/2015 - UPDATED manga: Keijo!!!!!!!!(49->52)
10/07/2015 - UPDATED manga: Peace Maker(58->59)
10/07/2015 - UPDATED manga: Karate Shoukoushi Kohinata Minoru(315->316)
10/07/2015 - UPDATED manga: Billy Bat(142->144)
10/07/2015 - UPDATED manga: Magical Exam Student(63->65)
10/07/2015 - UPDATED manga: Master In My Dreams(3->5)
10/07/2015 - UPDATED manga: Machina(5->6)
10/07/2015 - UPDATED manga: Nejimaki Kagyu(28->29)
10/07/2015 - UPDATED manga: Caste Heaven(8->9)
10/07/2015 - UPDATED manga: Sakurasou no Pet na Kanojo(9->10)
10/07/2015 - UPDATED manga: Shut Hell(53->55)
10/07/2015 - UPDATED manga: Hakoiri Drops(13->14)
10/07/2015 - UPDATED manga: Doraemon(206->209)
10/07/2015 - UPDATED manga: Unbalance Triangle(13->14)
10/07/2015 - UPDATED manga: Norn 9 - Norn + Nonet(5->7)
10/07/2015 - UPDATED manga: Noblesse(373->374)
10/07/2015 - UPDATED manga: One Piece(800->803)
10/07/2015 - UPDATED manga: One Piece(800->803)
10/07/2015 - UPDATED manga: One Piece(800->803)
10/07/2015 - UPDATED manga: One Piece(800->803)
10/07/2015 - UPDATED manga: One Piece(800->803)
10/07/2015 - UPDATED manga: One Piece(800->803)
10/07/2015 - ERROR updating/adding: Doraemon(209)
10/07/2015 - ERROR updating/adding: Combat Continent II(25)
10/10/2015 - ADDED new manga: Soul Land II
10/10/2015 - UPDATED manga: Panlong(29->31)
10/10/2015 - ADDED new manga: We On - Be the Shield
10/10/2015 - UPDATED manga: Clover (TETSUHIRO Hirakawa)(233->236)
10/10/2015 - UPDATED manga: Wonted(90->78)
10/10/2015 - UPDATED manga: Kyou Kara Hitman(27->28)
10/10/2015 - UPDATED manga: Cherry Boy, That Girl(68->70)
10/10/2015 - UPDATED manga: Seitokai Yakuindomo(224->328)
10/10/2015 - UPDATED manga: Tokyo Ghoul:re(44->48)
10/10/2015 - UPDATED manga: Nanatsu no Taizai(143->145)
10/10/2015 - UPDATED manga: Wild Life(146->148)
10/10/2015 - UPDATED manga: Kengan Ashua(11->13)
10/10/2015 - ADDED new manga: Umehara - Fighting Gamers!
10/10/2015 - UPDATED manga: Otome Youkai Zakuro(40->41)
10/10/2015 - UPDATED manga: Sekai Oni(97->98)
10/10/2015 - UPDATED manga: E? Heibon Desu yo??(0->11)
10/10/2015 - UPDATED manga: Jyoshikausei(31->38)
10/10/2015 - UPDATED manga: Sangokushi(364->368)
10/10/2015 - UPDATED manga: Sun-Ken Rock(162->163)
10/10/2015 - UPDATED manga: Fairy Tail(455->456)
10/10/2015 - UPDATED manga: Sakura Juuyuushi(8->9)
10/10/2015 - UPDATED manga: Primo Prima!(4->5)
10/10/2015 - ADDED new manga: Onsen Yousei Hakone-chan
10/12/2015 - UPDATED manga: Descent of the Phoenix(36->37)
10/12/2015 - ADDED new manga: Soul Land
10/12/2015 - UPDATED manga: Baki Dou(56->61)
10/12/2015 - UPDATED manga: +Tic Neesan(66->70)
10/12/2015 - UPDATED manga: Grappler Baki(129->130)
10/12/2015 - UPDATED manga: Onepunch-Man (ONE)(103->10)
10/12/2015 - UPDATED manga: Tiger x Crane(59->74)
10/12/2015 - UPDATED manga: Monster Musume no Iru Nichijou(36->37)
10/12/2015 - UPDATED manga: Ookiku Furikabutte(123->124)
10/12/2015 - UPDATED manga: Hayate the Combat Butler(507->509)
10/12/2015 - UPDATED manga: Nana to Kaoru(138->139)
10/12/2015 - UPDATED manga: The Legendary Moonlight Sculptor(36->37)
10/12/2015 - UPDATED manga: Doukyuusei no Maccho-kun(2->3)
10/12/2015 - UPDATED manga: Seitokai Yakuindomo(328->347)
10/12/2015 - UPDATED manga: Upotte!!(63->64)
10/12/2015 - UPDATED manga: Looking for a Father(40->41)
10/12/2015 - UPDATED manga: Sangokushi(368->369)
10/12/2015 - UPDATED manga: 3D Kanojo(21->22)
10/12/2015 - UPDATED manga: Green Worldz(93->95)
10/12/2015 - UPDATED manga: Koi to Uso(59->60)
10/12/2015 - UPDATED manga: Fate/Kaleid Liner Prisma Illya Drei!(32->33)
10/12/2015 - UPDATED manga: Negative Twin-Tower!(2->3)
10/12/2015 - UPDATED manga: Hantsu x Torasshu(60->61)
10/12/2015 - UPDATED manga: Fuuka(79->80)
10/12/2015 - UPDATED manga: Yahari Ore no Seishun Love Come wa Machigatteiru(14->16)
10/12/2015 - UPDATED manga: Monokuro Shounen Shoujo(30->31)
10/12/2015 - UPDATED manga: Ashita no Familia(1->2)
10/12/2015 - UPDATED manga: Sekai Oni(98->99)
10/12/2015 - UPDATED manga: Tower of God(249->251)
10/12/2015 - UPDATED manga: Wind Breaker(39->41)
10/12/2015 - UPDATED manga: unTOUCHable(66->70)
10/12/2015 - UPDATED manga: Wang Pai Yu Shi(32->33)
10/12/2015 - UPDATED manga: Tomo-chan wa Onnanoko!(168->173)
10/12/2015 - UPDATED manga: Ten Prism(54->55)
10/12/2015 - UPDATED manga: Youkai Shoujo - Monsuga(55->57)
10/12/2015 - UPDATED manga: Mizutama Honey Boy(7.006->9)
10/12/2015 - UPDATED manga: Verdant Lord(42->44)
10/12/2015 - UPDATED manga: Feng Shen Ji(167->168)
10/12/2015 - UPDATED manga: High Speed!(3->4)
10/12/2015 - UPDATED manga: Domestic na Kanojo(66->67)
10/12/2015 - UPDATED manga: Shuumatsu no Tenki(10->13)
10/12/2015 - UPDATED manga: Red Storm(165->167)
10/12/2015 - UPDATED manga: Ore ga Ojou-sama Gakkou ni "Shomin Sample" Toshite Rachirareta Ken(045(v000)->046.001)
10/12/2015 - UPDATED manga: Ane Log - Moyako Neesan no Tomaranai Monologue(30->31)
10/12/2015 - UPDATED manga: ReMember (KING Gonta)(13->15)
10/12/2015 - UPDATED manga: Kore wa Koi no Hanashi(37->38)
10/12/2015 - UPDATED manga: Osu!! Karate Bu(129->132)
10/12/2015 - UPDATED manga: Fuan no Tane +(94->99)
10/13/2015 - UPDATED manga: Panlong(31->32)
10/13/2015 - UPDATED manga: Blood Alone(38->20.2)
10/13/2015 - ADDED new manga: Radiant
10/13/2015 - UPDATED manga: Sakuranbo Syndrome(87->90)
10/13/2015 - UPDATED manga: Chichi Kogusa(14->16)
10/13/2015 - UPDATED manga: Red String(29->30)
10/13/2015 - UPDATED manga: THE iDOLM@STER (Mana)(19->21)
10/13/2015 - UPDATED manga: Dungeon Meshi(14.005->15)
10/13/2015 - UPDATED manga: Murcielago(25->34.005)
10/13/2015 - UPDATED manga: Mosspaca Advertising Department(40->42)
10/13/2015 - UPDATED manga: Keijo!!!!!!!!(52->53)
10/13/2015 - UPDATED manga: Karate Shoukoushi Kohinata Minoru(316->317)
10/13/2015 - UPDATED manga: Prison School(188->193)
10/13/2015 - ADDED new manga: Ultimate Antihero
10/13/2015 - UPDATED manga: Watashi ga Motete Dousunda(28->29)
10/13/2015 - UPDATED manga: Rikudou(35->37)
10/13/2015 - UPDATED manga: Watashi ni XX Shinasai!(71->73)
10/13/2015 - UPDATED manga: Noblesse(374->375)
10/13/2015 - UPDATED manga: Muhyo to Rouji(99->102)
10/13/2015 - UPDATED manga: Letter Bee(81->84)
10/13/2015 - UPDATED manga: Tegami Bachi(78->88)
10/13/2015 - UPDATED manga: Only You(17->20)
10/13/2015 - UPDATED manga: Baki Dou(61->62)
10/13/2015 - UPDATED manga: My Shining World(10->12.005)
10/13/2015 - UPDATED manga: Basuke No Megami-Sama(29->31)
10/13/2015 - UPDATED manga: Tomo-chan wa Onnanoko!(173->174)
10/13/2015 - UPDATED manga: Jormungand(50->51)
10/13/2015 - UPDATED manga: Rolan the Forgotten King(21->22)
10/13/2015 - UPDATED manga: Natsume Yuujinchou(76->77)
10/13/2015 - UPDATED manga: Bokura no Kiseki(#036->#037)
10/13/2015 - UPDATED manga: Tenkamusou Edajima Hirayatsuden(45->48)
10/13/2015 - UPDATED manga: Happiness (OSHIMI Shuzo)(7->8)
10/13/2015 - UPDATED manga: Assassination Classroom(157->159)
10/13/2015 - ADDED new manga: Aiko no Ma-chan
10/13/2015 - UPDATED manga: Mahou Tsukai no Yome(22->23)
10/13/2015 - ADDED new manga: Odette
10/13/2015 - UPDATED manga: Magi - Sinbad no Bouken(77->78)
10/13/2015 - UPDATED manga: Billy Bat(144->145)
10/15/2015 - UPDATED manga: Toriko(342->343)
10/15/2015 - UPDATED manga: Ping Pong Prince(15->17)
10/15/2015 - UPDATED manga: +Tic Neesan(70->72)
10/15/2015 - UPDATED manga: Secret (HAN Yu-Rang)(29->30)
10/15/2015 - UPDATED manga: Chronicles of the Grim Peddler(19->20)
10/15/2015 - UPDATED manga: Piano no mori(171->172)
10/15/2015 - UPDATED manga: Tamanyan(13->14)
10/15/2015 - UPDATED manga: Bloody Mary (SAMAMIYA Akaza)(5->6)
10/15/2015 - UPDATED manga: Odette(0->11)
10/15/2015 - UPDATED manga: Sekai Oni(99->100)
10/15/2015 - UPDATED manga: Denma(135->139)
10/15/2015 - UPDATED manga: Tomo-chan wa Onnanoko!(174->176)
10/15/2015 - UPDATED manga: Gakuen Heaven(78->80)
10/15/2015 - UPDATED manga: Jitsu wa Watashi wa(94->96)
10/15/2015 - UPDATED manga: Tenkuu Shinpan(88->91)
10/15/2015 - UPDATED manga: DICE: the cube that changes everything(116->117)
10/15/2015 - UPDATED manga: Tough(378->380)
10/15/2015 - UPDATED manga: Nisekoi Doumei.(40->45)
10/15/2015 - UPDATED manga: Bleach(646->647)
10/15/2015 - UPDATED manga: Area D - Inou Ryouiki(126->127)
10/15/2015 - ADDED new manga: 6 Weapons
10/15/2015 - ADDED new manga: Kyochuu Rettou
10/15/2015 - UPDATED manga: Shut Hell(55->56)
10/15/2015 - UPDATED manga: Sangokushi(369->371)
10/15/2015 - UPDATED manga: Real Account II(25->26)
10/15/2015 - UPDATED manga: Hibi Chouchou(61->75)
10/15/2015 - UPDATED manga: KanColle Shimakaze, the Girl of the Whirlwind(18->21)
10/15/2015 - UPDATED manga: Juuza Engi - Engetsu Sangokuden(8.005->9)
10/15/2015 - UPDATED manga: He Is a High-school Girl(31->32)
10/15/2015 - UPDATED manga: Into the Net!(14->17)
10/15/2015 - UPDATED manga: Da Yuan Shen(11->14)
10/15/2015 - UPDATED manga: Clover (TETSUHIRO Hirakawa)(236->237)
10/15/2015 - UPDATED manga: Battle Through The Heavens(95.5->138)
10/15/2015 - UPDATED manga: Wu Dong Qian Kun(16->17)
10/15/2015 - UPDATED manga: Ero Manga Sensei(15->17)
10/15/2015 - ADDED new manga: Rokka no Yuusha
10/15/2015 - UPDATED manga: Black Haze(128->129)
10/15/2015 - UPDATED manga: Blazing Transfer Student(113->114)
10/15/2015 - UPDATED manga: Himouto! Umaru-chan(124->126)
10/15/2015 - UPDATED manga: Daiya no A - Act II(7->8)
10/15/2015 - UPDATED manga: Tobaku Datenroku Kaiji: Kazuyahen(94->95)
10/15/2015 - UPDATED manga: Inu Yashiki(40->42)
10/15/2015 - UPDATED manga: T-REX na Kanojo(15->16)
10/15/2015 - UPDATED manga: Mahou Shoujo Site(28->30)
10/15/2015 - UPDATED manga: Ane Log - Moyako Neesan no Tomaranai Monologue(31->32)
10/15/2015 - UPDATED manga: Sakura Sakura (Morishige)(15->17)
10/15/2015 - UPDATED manga: Unbalance Triangle(14->16)
10/15/2015 - UPDATED manga: Akatsuki!! Otokojuku(103->105)
10/15/2015 - UPDATED manga: Mizutama Honey Boy(9->10)
10/15/2015 - UPDATED manga: AKB49 - Renai Kinshi Jourei(189->191)
10/15/2015 - UPDATED manga: Terra ForMars(137->143)
10/15/2015 - UPDATED manga: Kamisama no Iutoori Ni(127->129)
10/15/2015 - UPDATED manga: Yamada-kun to 7-nin no Majo(177->178)
10/15/2015 - UPDATED manga: UQ Holder!(96->97)
10/15/2015 - UPDATED manga: The New Gate(10->11)
10/15/2015 - UPDATED manga: Re:Monster(Re->18)
10/15/2015 - UPDATED manga: Nisekoi(185->190)
10/15/2015 - UPDATED manga: Sakamoto desu ga?(16->18)
10/15/2015 - UPDATED manga: Gintama(558->560)
10/15/2015 - UPDATED manga: Giant Killing(190->193)
10/15/2015 - UPDATED manga: Panlong(32->33)
10/15/2015 - UPDATED manga: Soul Land II(26->27)
10/15/2015 - UPDATED manga: The Gamer(101->103)
10/15/2015 - UPDATED manga: Tsubasa - World Chronicle - Niraikanai Hen(10->13)
10/15/2015 - UPDATED manga: +Tic Neesan(72->74)
10/15/2015 - ADDED new manga: Enen no Shouboutai
10/15/2015 - UPDATED manga: Tsuyokute New Saga(19->21)
10/15/2015 - UPDATED manga: Shana oh Yoshitsune(42->43)
10/15/2015 - UPDATED manga: Soul Cartel(195->197)
10/15/2015 - UPDATED manga: Otoko O Misete Yo Kurata-kun!(6->7)
10/15/2015 - UPDATED manga: Seitokai Yakuindomo(347->349)
10/15/2015 - UPDATED manga: Kiss x Death(12->13)
10/15/2015 - UPDATED manga: Pan de Peace!(1->3)
10/15/2015 - UPDATED manga: Bloody Mary (SAMAMIYA Akaza)(6->7)
10/15/2015 - ADDED new manga: Sato Zakuri Tanpenshuu - Shoujo, Shoujo, Shoujo na no.
10/15/2015 - UPDATED manga: Gin to Kin(70->71)
10/15/2015 - ADDED new manga: Choujin Sensen
10/15/2015 - UPDATED manga: Boku no Hero Academia(58->44.005)
10/15/2015 - UPDATED manga: I The Female Robot(36->39)
10/15/2015 - UPDATED manga: Mosspaca Advertising Department(42->43)
10/15/2015 - UPDATED manga: Uchuu Kyoudai(258->261)
10/17/2015 - UPDATED manga: Soul Land II(27->28)
10/17/2015 - UPDATED manga: Mahou Shoujo of the End(30->31.005)
10/17/2015 - UPDATED manga: Mob Psycho 100(89.003->90.001)
10/17/2015 - UPDATED manga: Ring ni Kakero(6->7)
10/17/2015 - UPDATED manga: RPG(31->32)
10/17/2015 - UPDATED manga: Josei Danshi(16->17)
10/17/2015 - UPDATED manga: Hidan No Aria AA(11->14)
10/17/2015 - UPDATED manga: Unbalance Triangle(16->17)
10/17/2015 - UPDATED manga: Cherry Boy, That Girl(70->71)
10/17/2015 - UPDATED manga: Haikyuu!!(173->178)
10/17/2015 - UPDATED manga: Red Storm(167->168)
10/17/2015 - UPDATED manga: Witch Hunter(151->152)
10/17/2015 - UPDATED manga: Natsu no Arashi(30->31)
10/17/2015 - UPDATED manga: Yume Maboroshi no Gotoku(24->25)
10/17/2015 - ADDED new manga: Minna! Esper da yo!
10/17/2015 - UPDATED manga: Tokyo Ghoul:re(48->49)
10/17/2015 - UPDATED manga: Sangokushi(371->373)
10/17/2015 - UPDATED manga: Kiwaguro no Brynhildr(158->159)
10/17/2015 - UPDATED manga: Princess(Vol.031->4)
10/17/2015 - UPDATED manga: Lookism(19->23)
10/17/2015 - UPDATED manga: Shokugeki no Soma(137->139)
10/17/2015 - UPDATED manga: Birdmen(17->18)
10/17/2015 - UPDATED manga: Sousei no Onmyouji(12->15)
10/17/2015 - UPDATED manga: Zui Wu Dao(15->19)
10/17/2015 - UPDATED manga: Terra ForMars(143->144)
10/17/2015 - UPDATED manga: Inugami-san to Sarutobi-kun wa Naka ga Warui.(10->11)
10/17/2015 - UPDATED manga: Roppongi Black Cross(44->45)
10/17/2015 - UPDATED manga: Ane Log - Moyako Neesan no Tomaranai Monologue(32->33)
10/17/2015 - UPDATED manga: Real Clothes(75->76)
10/17/2015 - ADDED new manga: Zerozaki Soushiki's Humanity Test
10/17/2015 - UPDATED manga: Full Ahead! Coco(92->93)
10/17/2015 - UPDATED manga: Flying Witch (ISHIZUKA Chihiro)(19->20)
10/17/2015 - UPDATED manga: Tomo-chan wa Onnanoko!(176->178)
10/17/2015 - UPDATED manga: Full Ahead Coco(92->93)
10/17/2015 - UPDATED manga: lessa The Crimson Knight(88->90)
10/17/2015 - UPDATED manga: Flying Witch(19->20)
10/17/2015 - ADDED new manga: Zerozaki Soushikis Humanity Test
10/17/2015 - UPDATED manga: Harigane Service(29->30)
10/17/2015 - UPDATED manga: Forbidden Kiss(50->53)
10/17/2015 - UPDATED manga: I Don't Want This Kind of Hero(69->71)
10/17/2015 - UPDATED manga: Fairy Tail Sabertooth(9->12)
10/17/2015 - UPDATED manga: Usogui(112->113)
10/17/2015 - UPDATED manga: Devils Bride(12->15)
10/17/2015 - UPDATED manga: Ping Pong Wang Zi(17->19)
10/17/2015 - UPDATED manga: Minamoto-kun Monogatari(180->184)
10/17/2015 - UPDATED manga: Gorudiosu no Musubime(9->10)
10/17/2015 - UPDATED manga: Demon King(298->299)
10/17/2015 - UPDATED manga: I Dont Want This Kind of Hero(66->71)
10/17/2015 - UPDATED manga: 50 Rules for Teenagers(26->27)
10/17/2015 - UPDATED manga: Wu Dong Qian Kun(17->18)
10/17/2015 - UPDATED manga: Magician (KIM Sarae)(372->373)
10/17/2015 - UPDATED manga: Panlong(33->34)
10/17/2015 - UPDATED manga: Chain Chronicle Crimson(2->4)
10/17/2015 - UPDATED manga: Kingdom(445->449)
10/17/2015 - UPDATED manga: Boku no Hero Academia(44.005->63)
10/17/2015 - UPDATED manga: Munakata Kyouju Denkikou(36->37)
10/17/2015 - UPDATED manga: Akuma mo Fumu o Osoreru Tokoro(7->8)
10/17/2015 - UPDATED manga: Mizutama Honey Boy(10->11)
10/17/2015 - UPDATED manga: Kakegurui(8->9)
10/17/2015 - UPDATED manga: Sun-Ken Rock(163->164)
10/17/2015 - UPDATED manga: KURO(120-122->129-130)
10/17/2015 - UPDATED manga: Dark Air(71->72)
10/17/2015 - UPDATED manga: Action Idols - Age of Young Dragons(19->20)
10/17/2015 - ADDED new manga: Haiko Dolls
10/17/2015 - UPDATED manga: Freezing(192->194)
10/17/2015 - UPDATED manga: Girl the Wild's(204->204.2)
10/17/2015 - UPDATED manga: The God of High School(229->231)
10/17/2015 - UPDATED manga: Porando Hishi Ten no Hate Made(11->13)
10/17/2015 - UPDATED manga: Nukoduke!(61->65)
10/17/2015 - UPDATED manga: Domestic na Kanojo(67->68)
10/17/2015 - UPDATED manga: Akagi(261->263)
10/17/2015 - UPDATED manga: D.Gray-man(219->220)
10/20/2015 - UPDATED manga: UQ Holder!(97->98)
10/20/2015 - UPDATED manga: Lucky Star Comic a la Carte(2-2->2-9)
10/20/2015 - UPDATED manga: Jashin-chan Dropkick(28->29)
10/20/2015 - UPDATED manga: Jashin-chan Drop Kick(27->29)
10/20/2015 - UPDATED manga: +Tic Neesan(74->77)
10/20/2015 - UPDATED manga: Senakagurashi(17->19)
10/20/2015 - UPDATED manga: +C: Sword and Cornett(+C->49)
10/20/2015 - UPDATED manga: Panlong(34->37)
10/20/2015 - UPDATED manga: Soul Land II(28->30)
10/20/2015 - UPDATED manga: Kamen Rider Spirits(58.005->63)
10/20/2015 - UPDATED manga: Hitomi-sensei no Hokenshitsu(24->25)
10/20/2015 - UPDATED manga: Atsumare! Gakuen Tengoku(12->13)
10/20/2015 - UPDATED manga: Keijo!!!!!!!!(53->54)
10/20/2015 - UPDATED manga: Dark Air(72->73)
10/20/2015 - UPDATED manga: Demon King(299->301)
10/20/2015 - UPDATED manga: Hatarakanai Futari (The Jobless Siblings)(76->79.005)
10/20/2015 - UPDATED manga: Osu!! Karate Bu(132->133)
10/20/2015 - UPDATED manga: Princess Lucia(37->38)
10/20/2015 - UPDATED manga: Hajime no Ippo(1104->1113)
10/20/2015 - UPDATED manga: Hinomaru Zumou(36->38)
10/20/2015 - UPDATED manga: Princess(4->12)
10/20/2015 - ADDED new manga: Tsubaki-chou Lonely Planet
10/20/2015 - ADDED new manga: Hongdo
10/20/2015 - UPDATED manga: Witch Hunter(152->153)
10/20/2015 - UPDATED manga: W x Y(25->027a)
10/20/2015 - UPDATED manga: Rotte no Omocha(55->62)
10/20/2015 - UPDATED manga: Gin to Kin(71->72)
10/20/2015 - UPDATED manga: Green Worldz(95->96)
10/20/2015 - UPDATED manga: Horimiya(54->56)
10/20/2015 - UPDATED manga: Hadi Girl(19->20)
10/20/2015 - UPDATED manga: Oresama Teacher(108->112)
10/20/2015 - UPDATED manga: Magical Exam Student(65->69)
10/20/2015 - UPDATED manga: Our Relationship Is...(10->13)
10/20/2015 - UPDATED manga: Tomo-chan wa Onnanoko!(178->181)
10/20/2015 - UPDATED manga: T-REX na Kanojo(16->17)
10/20/2015 - UPDATED manga: Noblesse(375->376)
10/20/2015 - UPDATED manga: Nisekoi(190->188.5)
10/20/2015 - UPDATED manga: Toaru Ossan no VRMMO Katsudouki(7->8)
10/20/2015 - UPDATED manga: Godly Bells(117->119)
10/20/2015 - UPDATED manga: Black Clover(31->34)
10/20/2015 - UPDATED manga: Doonggule Tea!(18->19)
10/20/2015 - UPDATED manga: Oldman(10->12)
10/20/2015 - UPDATED manga: Hazuki Kanon wa Amakunai.(10->17)
10/20/2015 - UPDATED manga: Jungle King Tar-Chan(30->35)
10/20/2015 - UPDATED manga: Super Doctor K(28->32)
10/20/2015 - UPDATED manga: Cousin(29->30)
10/20/2015 - UPDATED manga: Red Raven(20->21)
10/20/2015 - UPDATED manga: Torikissa!(7->8)
10/20/2015 - UPDATED manga: Dragon Ball Super(3->5)
10/20/2015 - ADDED new manga: The Rain Leaves a Scar
10/20/2015 - UPDATED manga: Saiyaku wa Boku o Suki Sugiru(16->18)
10/20/2015 - UPDATED manga: Ayakashi Hisen(30->31)
10/20/2015 - UPDATED manga: Shin Kamen Rider Spirits(1->3)